C:\OCULUS\NEWOCULUSDLL\SAMPLES\OCULUSROOMTINY\OCULUSROOMTINY (DX11)\BIN\WINDOWS\WIN32\DEBUG\VS2010\OCULUSROOMTINY (DX11).DLL
C:\OCULUS\NEWOCULUSDLL\SAMPLES\OCULUSROOMTINY\OCULUSROOMTINY (DX11)\BIN\WINDOWS\WIN32\DEBUG\VS2010\OCULUSROOMTINY (DX11).ILK
C:\OCULUS\NEWOCULUSDLL\SAMPLES\OCULUSROOMTINY\OCULUSROOMTINY (DX11)\BIN\WINDOWS\WIN32\DEBUG\VS2010\OCULUSROOMTINY (DX11).PDB
C:\Oculus\NewOculusDll\Samples\OculusRoomTiny\OculusRoomTiny (DX11)\Obj\Windows\Win32\Debug\VS2010\cl.command.1.tlog
C:\Oculus\NewOculusDll\Samples\OculusRoomTiny\OculusRoomTiny (DX11)\Obj\Windows\Win32\Debug\VS2010\CL.read.1.tlog
C:\Oculus\NewOculusDll\Samples\OculusRoomTiny\OculusRoomTiny (DX11)\Obj\Windows\Win32\Debug\VS2010\CL.write.1.tlog
C:\Oculus\NewOculusDll\Samples\OculusRoomTiny\OculusRoomTiny (DX11)\Obj\Windows\Win32\Debug\VS2010\link.8448.read.1.tlog
C:\Oculus\NewOculusDll\Samples\OculusRoomTiny\OculusRoomTiny (DX11)\Obj\Windows\Win32\Debug\VS2010\link.8448.write.1.tlog
C:\Oculus\NewOculusDll\Samples\OculusRoomTiny\OculusRoomTiny (DX11)\Obj\Windows\Win32\Debug\VS2010\link.8448-cvtres.read.1.tlog
C:\Oculus\NewOculusDll\Samples\OculusRoomTiny\OculusRoomTiny (DX11)\Obj\Windows\Win32\Debug\VS2010\link.8448-cvtres.write.1.tlog
C:\Oculus\NewOculusDll\Samples\OculusRoomTiny\OculusRoomTiny (DX11)\Obj\Windows\Win32\Debug\VS2010\link.command.1.tlog
C:\Oculus\NewOculusDll\Samples\OculusRoomTiny\OculusRoomTiny (DX11)\Obj\Windows\Win32\Debug\VS2010\link.read.1.tlog
C:\Oculus\NewOculusDll\Samples\OculusRoomTiny\OculusRoomTiny (DX11)\Obj\Windows\Win32\Debug\VS2010\link.write.1.tlog
C:\Oculus\NewOculusDll\Samples\OculusRoomTiny\OculusRoomTiny (DX11)\Obj\Windows\Win32\Debug\VS2010\link-cvtres.read.1.tlog
C:\Oculus\NewOculusDll\Samples\OculusRoomTiny\OculusRoomTiny (DX11)\Obj\Windows\Win32\Debug\VS2010\link-cvtres.write.1.tlog
C:\OCULUS\NEWOCULUSDLL\SAMPLES\OCULUSROOMTINY\OCULUSROOMTINY (DX11)\OBJ\WINDOWS\WIN32\DEBUG\VS2010\MAIN.OBJ
C:\Oculus\NewOculusDll\Samples\OculusRoomTiny\OculusRoomTiny (DX11)\Obj\Windows\Win32\Debug\VS2010\mt.command.1.tlog
C:\Oculus\NewOculusDll\Samples\OculusRoomTiny\OculusRoomTiny (DX11)\Obj\Windows\Win32\Debug\VS2010\mt.read.1.tlog
C:\Oculus\NewOculusDll\Samples\OculusRoomTiny\OculusRoomTiny (DX11)\Obj\Windows\Win32\Debug\VS2010\mt.write.1.tlog
C:\OCULUS\NEWOCULUSDLL\SAMPLES\OCULUSROOMTINY\OCULUSROOMTINY (DX11)\OBJ\WINDOWS\WIN32\DEBUG\VS2010\OCULUSROOMTINY (DX11).DLL.EMBED.MANIFEST
C:\OCULUS\NEWOCULUSDLL\SAMPLES\OCULUSROOMTINY\OCULUSROOMTINY (DX11)\OBJ\WINDOWS\WIN32\DEBUG\VS2010\OCULUSROOMTINY (DX11).DLL.EMBED.MANIFEST.RES
C:\OCULUS\NEWOCULUSDLL\SAMPLES\OCULUSROOMTINY\OCULUSROOMTINY (DX11)\OBJ\WINDOWS\WIN32\DEBUG\VS2010\OCULUSROOMTINY (DX11).DLL.INTERMEDIATE.MANIFEST
C:\Oculus\NewOculusDll\Samples\OculusRoomTiny\OculusRoomTiny (DX11)\Obj\Windows\Win32\Debug\VS2010\OculusRoomTiny (DX11).write.1.tlog
C:\Oculus\NewOculusDll\Samples\OculusRoomTiny\OculusRoomTiny (DX11)\Obj\Windows\Win32\Debug\VS2010\OculusRoomTiny (DX11)_manifest.rc
C:\Oculus\NewOculusDll\Samples\OculusRoomTiny\OculusRoomTiny (DX11)\Obj\Windows\Win32\Debug\VS2010\rc.command.1.tlog
C:\Oculus\NewOculusDll\Samples\OculusRoomTiny\OculusRoomTiny (DX11)\Obj\Windows\Win32\Debug\VS2010\rc.read.1.tlog
C:\Oculus\NewOculusDll\Samples\OculusRoomTiny\OculusRoomTiny (DX11)\Obj\Windows\Win32\Debug\VS2010\rc.write.1.tlog
