Build started 12/06/2015 15:07:43.
     1>Project "C:\Oculus\NewOculusDll\Samples\OculusRoomTiny\OculusRoomTiny (DX11)\Projects\Windows\VS2010\OculusRoomTiny (DX11).vcxproj" on node 2 (build target(s)).
     1>InitializeBuildStatus:
         Touching "C:\Oculus\NewOculusDll\Samples\OculusRoomTiny\OculusRoomTiny (DX11)\Projects\Windows\VS2010\..\..\..\Obj\Windows\Win32\Debug\VS2010\Oculus (DX11).unsuccessfulbuild".
       ClCompile:
         c:\Program Files (x86)\Microsoft Visual Studio 10.0\VC\bin\CL.exe /c /I"C:\Oculus\NewOculusDll\Samples\OculusRoomTiny\OculusRoomTiny (DX11)\Projects\Windows\VS2010\../../../../../../LibOVR/Include/" /I"C:\Program Files (x86)\Microsoft DirectX SDK (June 2010)\/Include" /Z7 /nologo /W3 /WX /MP /Od /Oy- /D OVR_BUILD_DEBUG /D WIN32 /D _DEBUG /D _WINDOWS /D _WINDLL /D _MBCS /Gm- /EHsc /RTC1 /MTd /GS /fp:precise /Zc:wchar_t /Zc:forScope /GR- /Fo"C:\Oculus\NewOculusDll\Samples\OculusRoomTiny\OculusRoomTiny (DX11)\Projects\Windows\VS2010\..\..\..\Obj\Windows\Win32\Debug\VS2010\\" /Fd"C:\Oculus\NewOculusDll\Samples\OculusRoomTiny\OculusRoomTiny (DX11)\Projects\Windows\VS2010\..\..\..\Obj\Windows\Win32\Debug\VS2010\vc100.pdb" /Gd /TP /analyze- /errorReport:prompt ..\..\..\Win32_OculusInterface.cpp
         Win32_OculusInterface.cpp
       ManifestResourceCompile:
         All outputs are up-to-date.
       Link:
         c:\Program Files (x86)\Microsoft Visual Studio 10.0\VC\bin\link.exe /ERRORREPORT:PROMPT /OUT:"C:\Oculus\NewOculusDll\Samples\OculusRoomTiny\OculusRoomTiny (DX11)\Projects\Windows\VS2010\..\..\..\Bin\Windows\Win32\Debug\VS2010\Oculus (DX11).dll" /INCREMENTAL /NOLOGO "C:\Oculus\NewOculusDll\Samples\OculusRoomTiny\OculusRoomTiny (DX11)\Projects\Windows\VS2010\../../../../../../LibOVR/Lib/Windows/Win32/Debug/VS2010/LibOVR.lib" "C:\Program Files (x86)\Microsoft DirectX SDK (June 2010)\/Lib/x86/d3dcompiler.lib" kernel32.lib user32.lib gdi32.lib winspool.lib comdlg32.lib advapi32.lib shell32.lib ole32.lib oleaut32.lib uuid.lib odbc32.lib odbccp32.lib /MANIFEST /ManifestFile:"C:\Oculus\NewOculusDll\Samples\OculusRoomTiny\OculusRoomTiny (DX11)\Projects\Windows\VS2010\..\..\..\Obj\Windows\Win32\Debug\VS2010\Oculus (DX11).dll.intermediate.manifest" /MANIFESTUAC:"level='asInvoker' uiAccess='false'" /DEBUG /PDB:"C:\Oculus\NewOculusDll\Samples\OculusRoomTiny\OculusRoomTiny (DX11)\Bin\Windows\Win32\Debug\VS2010\Oculus (DX11).pdb" /SUBSYSTEM:WINDOWS /TLBID:1 /DYNAMICBASE /NXCOMPAT /IMPLIB:"C:\Oculus\NewOculusDll\Samples\OculusRoomTiny\OculusRoomTiny (DX11)\Projects\Windows\VS2010\..\..\..\Bin\Windows\Win32\Debug\VS2010\Oculus (DX11).lib" /MACHINE:X86 /DLL "C:\Oculus\NewOculusDll\Samples\OculusRoomTiny\OculusRoomTiny (DX11)\Projects\Windows\VS2010\..\..\..\Obj\Windows\Win32\Debug\VS2010\Oculus (DX11).dll.embed.manifest.res"
         "C:\Oculus\NewOculusDll\Samples\OculusRoomTiny\OculusRoomTiny (DX11)\Projects\Windows\VS2010\..\..\..\Obj\Windows\Win32\Debug\VS2010\Win32_OculusMain.obj"
         "C:\Oculus\NewOculusDll\Samples\OculusRoomTiny\OculusRoomTiny (DX11)\Projects\Windows\VS2010\..\..\..\Obj\Windows\Win32\Debug\VS2010\Win32_OculusInterface.obj"
         "C:\Oculus\NewOculusDll\Samples\OculusRoomTiny\OculusRoomTiny (DX11)\Projects\Windows\VS2010\..\..\..\Obj\Windows\Win32\Debug\VS2010\Win32_OculusUtil.obj"
            Création de la bibliothèque C:\Oculus\NewOculusDll\Samples\OculusRoomTiny\OculusRoomTiny (DX11)\Projects\Windows\VS2010\..\..\..\Bin\Windows\Win32\Debug\VS2010\Oculus (DX11).lib et de l'objet C:\Oculus\NewOculusDll\Samples\OculusRoomTiny\OculusRoomTiny (DX11)\Projects\Windows\VS2010\..\..\..\Bin\Windows\Win32\Debug\VS2010\Oculus (DX11).exp
       Manifest:
         C:\Program Files (x86)\Microsoft SDKs\Windows\v7.0A\bin\mt.exe /nologo /verbose /out:"C:\Oculus\NewOculusDll\Samples\OculusRoomTiny\OculusRoomTiny (DX11)\Projects\Windows\VS2010\..\..\..\Obj\Windows\Win32\Debug\VS2010\Oculus (DX11).dll.embed.manifest" /manifest "C:\Oculus\NewOculusDll\Samples\OculusRoomTiny\OculusRoomTiny (DX11)\Projects\Windows\VS2010\..\..\..\Obj\Windows\Win32\Debug\VS2010\Oculus (DX11).dll.intermediate.manifest"
         All outputs are up-to-date.
       LinkEmbedManifest:
         All outputs are up-to-date.
         OculusRoomTiny (DX11).vcxproj -> C:\Oculus\NewOculusDll\Samples\OculusRoomTiny\OculusRoomTiny (DX11)\Projects\Windows\VS2010\..\..\..\Bin\Windows\Win32\Debug\VS2010\Oculus (DX11).dll
       FinalizeBuildStatus:
         Deleting file "C:\Oculus\NewOculusDll\Samples\OculusRoomTiny\OculusRoomTiny (DX11)\Projects\Windows\VS2010\..\..\..\Obj\Windows\Win32\Debug\VS2010\Oculus (DX11).unsuccessfulbuild".
         Touching "C:\Oculus\NewOculusDll\Samples\OculusRoomTiny\OculusRoomTiny (DX11)\Projects\Windows\VS2010\..\..\..\Obj\Windows\Win32\Debug\VS2010\Oculus (DX11).lastbuildstate".
     1>Done Building Project "C:\Oculus\NewOculusDll\Samples\OculusRoomTiny\OculusRoomTiny (DX11)\Projects\Windows\VS2010\OculusRoomTiny (DX11).vcxproj" (build target(s)).

Build succeeded.

Time Elapsed 00:00:01.11
