C:\OCULUS\NEWOCULUSDLL\LIBOVRKERNEL\LIB\WINDOWS\WIN32\DEBUG\VS2010\LIBOVRKERNEL.LIB
C:\Oculus\NewOculusDll\LibOVRKernel\Obj\Windows\Win32\Debug\VS2010\CAPI_GLE.obj
C:\Oculus\NewOculusDll\LibOVRKernel\Obj\Windows\Win32\Debug\VS2010\CL.10276.read.1.tlog
C:\Oculus\NewOculusDll\LibOVRKernel\Obj\Windows\Win32\Debug\VS2010\CL.10276.write.1.tlog
C:\Oculus\NewOculusDll\LibOVRKernel\Obj\Windows\Win32\Debug\VS2010\CL.10360.read.1.tlog
C:\Oculus\NewOculusDll\LibOVRKernel\Obj\Windows\Win32\Debug\VS2010\CL.10360.write.1.tlog
C:\Oculus\NewOculusDll\LibOVRKernel\Obj\Windows\Win32\Debug\VS2010\CL.10976.read.1.tlog
C:\Oculus\NewOculusDll\LibOVRKernel\Obj\Windows\Win32\Debug\VS2010\CL.10976.write.1.tlog
C:\Oculus\NewOculusDll\LibOVRKernel\Obj\Windows\Win32\Debug\VS2010\CL.11916.read.1.tlog
C:\Oculus\NewOculusDll\LibOVRKernel\Obj\Windows\Win32\Debug\VS2010\CL.11916.write.1.tlog
C:\Oculus\NewOculusDll\LibOVRKernel\Obj\Windows\Win32\Debug\VS2010\CL.12152.read.1.tlog
C:\Oculus\NewOculusDll\LibOVRKernel\Obj\Windows\Win32\Debug\VS2010\CL.12152.write.1.tlog
C:\Oculus\NewOculusDll\LibOVRKernel\Obj\Windows\Win32\Debug\VS2010\CL.3552.read.1.tlog
C:\Oculus\NewOculusDll\LibOVRKernel\Obj\Windows\Win32\Debug\VS2010\CL.3552.write.1.tlog
C:\Oculus\NewOculusDll\LibOVRKernel\Obj\Windows\Win32\Debug\VS2010\CL.4080.read.1.tlog
C:\Oculus\NewOculusDll\LibOVRKernel\Obj\Windows\Win32\Debug\VS2010\CL.4080.write.1.tlog
C:\Oculus\NewOculusDll\LibOVRKernel\Obj\Windows\Win32\Debug\VS2010\CL.5424.read.1.tlog
C:\Oculus\NewOculusDll\LibOVRKernel\Obj\Windows\Win32\Debug\VS2010\CL.5424.write.1.tlog
C:\Oculus\NewOculusDll\LibOVRKernel\Obj\Windows\Win32\Debug\VS2010\CL.6212.read.1.tlog
C:\Oculus\NewOculusDll\LibOVRKernel\Obj\Windows\Win32\Debug\VS2010\CL.6212.write.1.tlog
C:\Oculus\NewOculusDll\LibOVRKernel\Obj\Windows\Win32\Debug\VS2010\CL.7040.read.1.tlog
C:\Oculus\NewOculusDll\LibOVRKernel\Obj\Windows\Win32\Debug\VS2010\CL.7040.write.1.tlog
C:\Oculus\NewOculusDll\LibOVRKernel\Obj\Windows\Win32\Debug\VS2010\CL.9852.read.1.tlog
C:\Oculus\NewOculusDll\LibOVRKernel\Obj\Windows\Win32\Debug\VS2010\CL.9852.write.1.tlog
C:\Oculus\NewOculusDll\LibOVRKernel\Obj\Windows\Win32\Debug\VS2010\CL.9980.read.1.tlog
C:\Oculus\NewOculusDll\LibOVRKernel\Obj\Windows\Win32\Debug\VS2010\CL.9980.write.1.tlog
C:\Oculus\NewOculusDll\LibOVRKernel\Obj\Windows\Win32\Debug\VS2010\cl.command.1.tlog
C:\Oculus\NewOculusDll\LibOVRKernel\Obj\Windows\Win32\Debug\VS2010\CL.read.1.tlog
C:\Oculus\NewOculusDll\LibOVRKernel\Obj\Windows\Win32\Debug\VS2010\cl.write.1.tlog
C:\Oculus\NewOculusDll\LibOVRKernel\Obj\Windows\Win32\Debug\VS2010\lib.command.1.tlog
C:\Oculus\NewOculusDll\LibOVRKernel\Obj\Windows\Win32\Debug\VS2010\Lib-link.read.1.tlog
C:\Oculus\NewOculusDll\LibOVRKernel\Obj\Windows\Win32\Debug\VS2010\Lib-link.write.1.tlog
C:\Oculus\NewOculusDll\LibOVRKernel\Obj\Windows\Win32\Debug\VS2010\LibOVRKernel.vcxprojResolveAssemblyReference.cache
C:\Oculus\NewOculusDll\LibOVRKernel\Obj\Windows\Win32\Debug\VS2010\LibOVRKernel.write.1.tlog
C:\Oculus\NewOculusDll\LibOVRKernel\Obj\Windows\Win32\Debug\VS2010\OVR_Alg.obj
C:\Oculus\NewOculusDll\LibOVRKernel\Obj\Windows\Win32\Debug\VS2010\OVR_Allocator.obj
C:\Oculus\NewOculusDll\LibOVRKernel\Obj\Windows\Win32\Debug\VS2010\OVR_Atomic.obj
C:\Oculus\NewOculusDll\LibOVRKernel\Obj\Windows\Win32\Debug\VS2010\OVR_Callbacks.obj
C:\Oculus\NewOculusDll\LibOVRKernel\Obj\Windows\Win32\Debug\VS2010\OVR_CRC32.obj
C:\Oculus\NewOculusDll\LibOVRKernel\Obj\Windows\Win32\Debug\VS2010\OVR_DebugHelp.obj
C:\Oculus\NewOculusDll\LibOVRKernel\Obj\Windows\Win32\Debug\VS2010\OVR_File.obj
C:\Oculus\NewOculusDll\LibOVRKernel\Obj\Windows\Win32\Debug\VS2010\OVR_FileFILE.obj
C:\Oculus\NewOculusDll\LibOVRKernel\Obj\Windows\Win32\Debug\VS2010\OVR_JSON.obj
C:\Oculus\NewOculusDll\LibOVRKernel\Obj\Windows\Win32\Debug\VS2010\OVR_Log.obj
C:\OCULUS\NEWOCULUSDLL\LIBOVRKERNEL\OBJ\WINDOWS\WIN32\DEBUG\VS2010\OVR_MACH_EXC_OSX.OBJ
C:\Oculus\NewOculusDll\LibOVRKernel\Obj\Windows\Win32\Debug\VS2010\OVR_Rand.obj
C:\Oculus\NewOculusDll\LibOVRKernel\Obj\Windows\Win32\Debug\VS2010\OVR_RefCount.obj
C:\Oculus\NewOculusDll\LibOVRKernel\Obj\Windows\Win32\Debug\VS2010\OVR_SharedMemory.obj
C:\Oculus\NewOculusDll\LibOVRKernel\Obj\Windows\Win32\Debug\VS2010\OVR_Std.obj
C:\Oculus\NewOculusDll\LibOVRKernel\Obj\Windows\Win32\Debug\VS2010\OVR_String.obj
C:\Oculus\NewOculusDll\LibOVRKernel\Obj\Windows\Win32\Debug\VS2010\OVR_String_FormatUtil.obj
C:\Oculus\NewOculusDll\LibOVRKernel\Obj\Windows\Win32\Debug\VS2010\OVR_String_PathUtil.obj
C:\Oculus\NewOculusDll\LibOVRKernel\Obj\Windows\Win32\Debug\VS2010\OVR_SysFile.obj
C:\Oculus\NewOculusDll\LibOVRKernel\Obj\Windows\Win32\Debug\VS2010\OVR_System.obj
C:\Oculus\NewOculusDll\LibOVRKernel\Obj\Windows\Win32\Debug\VS2010\OVR_ThreadCommandQueue.obj
C:\Oculus\NewOculusDll\LibOVRKernel\Obj\Windows\Win32\Debug\VS2010\OVR_ThreadsPthread.obj
C:\Oculus\NewOculusDll\LibOVRKernel\Obj\Windows\Win32\Debug\VS2010\OVR_ThreadsWinAPI.obj
C:\Oculus\NewOculusDll\LibOVRKernel\Obj\Windows\Win32\Debug\VS2010\OVR_Timer.obj
C:\Oculus\NewOculusDll\LibOVRKernel\Obj\Windows\Win32\Debug\VS2010\OVR_UTF8Util.obj
C:\Oculus\NewOculusDll\LibOVRKernel\Obj\Windows\Win32\Debug\VS2010\Util_Direct3D.obj
C:\Oculus\NewOculusDll\LibOVRKernel\Obj\Windows\Win32\Debug\VS2010\Util_ImageWindow.obj
C:\Oculus\NewOculusDll\LibOVRKernel\Obj\Windows\Win32\Debug\VS2010\Util_LongPollThread.obj
C:\Oculus\NewOculusDll\LibOVRKernel\Obj\Windows\Win32\Debug\VS2010\Util_SystemGUI.obj
C:\Oculus\NewOculusDll\LibOVRKernel\Obj\Windows\Win32\Debug\VS2010\Util_SystemInfo.obj
C:\Oculus\NewOculusDll\LibOVRKernel\Obj\Windows\Win32\Debug\VS2010\Util_Watchdog.obj
C:\Oculus\NewOculusDll\LibOVRKernel\Projects\Windows\VS2010\../../../Lib/Windows/Win32/Debug/VS2010/LibOVRKernel.lib
