Build started 11/06/2015 17:09:54.
     1>Project "C:\Oculus\NewOculusDll\LibOVRKernel\Projects\Windows\VS2010\LibOVRKernel.vcxproj" on node 2 (build target(s)).
     1>InitializeBuildStatus:
         Creating "../../../Obj/Windows/Win32/Debug/VS2010/LibOVRKernel.unsuccessfulbuild" because "AlwaysCreate" was specified.
       ClCompile:
         c:\Program Files (x86)\Microsoft Visual Studio 10.0\VC\bin\CL.exe /c /I../../../Src /I"C:\Program Files (x86)\Microsoft DirectX SDK (June 2010)\/Include" /Z7 /nologo /W4 /WX /MP /Od /Oy- /D OVR_BUILD_DEBUG /D WIN32 /D _DEBUG /D _LIB /D _MBCS /Gm- /RTC1 /MTd /GS /Gy /fp:precise /Zc:wchar_t /Zc:forScope /GR- /Fo"../../../Obj/Windows/Win32/Debug/VS2010/" /Fd"../../../Obj/Windows/Win32/Debug/VS2010/vc100.pdb" /Gd /TP /analyze- /Zl /errorReport:prompt ..\..\..\Src\GL\CAPI_GLE.cpp ..\..\..\Src\Kernel\OVR_Allocator.cpp ..\..\..\Src\Kernel\OVR_Callbacks.cpp ..\..\..\Src\Kernel\OVR_DebugHelp.cpp ..\..\..\Src\Kernel\OVR_File.cpp ..\..\..\Src\Kernel\OVR_FileFILE.cpp ..\..\..\Src\Kernel\OVR_JSON.cpp ..\..\..\Src\Kernel\OVR_Log.cpp ..\..\..\Src\Kernel\OVR_RefCount.cpp ..\..\..\Src\Kernel\OVR_SharedMemory.cpp ..\..\..\Src\Kernel\OVR_Std.cpp ..\..\..\Src\Kernel\OVR_String.cpp ..\..\..\Src\Kernel\OVR_String_FormatUtil.cpp ..\..\..\Src\Kernel\OVR_String_PathUtil.cpp ..\..\..\Src\Kernel\OVR_SysFile.cpp ..\..\..\Src\Kernel\OVR_System.cpp ..\..\..\Src\Kernel\OVR_ThreadsWinAPI.cpp ..\..\..\Src\Kernel\OVR_Timer.cpp ..\..\..\Src\Util\Util_Direct3D.cpp ..\..\..\Src\Util\Util_ImageWindow.cpp ..\..\..\Src\Util\Util_LongPollThread.cpp ..\..\..\Src\Util\Util_SystemInfo.cpp ..\..\..\Src\Util\Util_Watchdog.cpp
         CAPI_GLE.cpp
         OVR_Allocator.cpp
         OVR_Callbacks.cpp
         OVR_DebugHelp.cpp
         OVR_File.cpp
         OVR_FileFILE.cpp
         OVR_JSON.cpp
         OVR_Log.cpp
         OVR_RefCount.cpp
         OVR_SharedMemory.cpp
         OVR_Std.cpp
         OVR_String.cpp
         OVR_String_FormatUtil.cpp
         OVR_String_PathUtil.cpp
         OVR_SysFile.cpp
         OVR_System.cpp
         OVR_ThreadsWinAPI.cpp
         OVR_Timer.cpp
         Util_Direct3D.cpp
         Util_ImageWindow.cpp
         Util_LongPollThread.cpp
         Util_SystemInfo.cpp
         Util_Watchdog.cpp
         All outputs are up-to-date.
       Lib:
         c:\Program Files (x86)\Microsoft Visual Studio 10.0\VC\bin\Lib.exe /OUT:"../../../Lib/Windows/Win32/Debug/VS2010/LibOVRKernel.lib" Setupapi.lib /NOLOGO ../../../Obj/Windows/Win32/Debug/VS2010/CAPI_GLE.obj
         ../../../Obj/Windows/Win32/Debug/VS2010/OVR_Alg.obj
         ../../../Obj/Windows/Win32/Debug/VS2010/OVR_Allocator.obj
         ../../../Obj/Windows/Win32/Debug/VS2010/OVR_Atomic.obj
         ../../../Obj/Windows/Win32/Debug/VS2010/OVR_Callbacks.obj
         ../../../Obj/Windows/Win32/Debug/VS2010/OVR_CRC32.obj
         ../../../Obj/Windows/Win32/Debug/VS2010/OVR_DebugHelp.obj
         ../../../Obj/Windows/Win32/Debug/VS2010/OVR_File.obj
         ../../../Obj/Windows/Win32/Debug/VS2010/OVR_FileFILE.obj
         ../../../Obj/Windows/Win32/Debug/VS2010/OVR_JSON.obj
         ../../../Obj/Windows/Win32/Debug/VS2010/OVR_Log.obj
         ../../../Obj/Windows/Win32/Debug/VS2010/OVR_mach_exc_OSX.obj
         ../../../Obj/Windows/Win32/Debug/VS2010/OVR_Rand.obj
         ../../../Obj/Windows/Win32/Debug/VS2010/OVR_RefCount.obj
         ../../../Obj/Windows/Win32/Debug/VS2010/OVR_SharedMemory.obj
         ../../../Obj/Windows/Win32/Debug/VS2010/OVR_Std.obj
         ../../../Obj/Windows/Win32/Debug/VS2010/OVR_String.obj
         ../../../Obj/Windows/Win32/Debug/VS2010/OVR_String_FormatUtil.obj
         ../../../Obj/Windows/Win32/Debug/VS2010/OVR_String_PathUtil.obj
         ../../../Obj/Windows/Win32/Debug/VS2010/OVR_SysFile.obj
         ../../../Obj/Windows/Win32/Debug/VS2010/OVR_System.obj
         ../../../Obj/Windows/Win32/Debug/VS2010/OVR_ThreadCommandQueue.obj
         ../../../Obj/Windows/Win32/Debug/VS2010/OVR_ThreadsPthread.obj
         ../../../Obj/Windows/Win32/Debug/VS2010/OVR_ThreadsWinAPI.obj
         ../../../Obj/Windows/Win32/Debug/VS2010/OVR_Timer.obj
         ../../../Obj/Windows/Win32/Debug/VS2010/OVR_UTF8Util.obj
         ../../../Obj/Windows/Win32/Debug/VS2010/Util_Direct3D.obj
         ../../../Obj/Windows/Win32/Debug/VS2010/Util_ImageWindow.obj
         ../../../Obj/Windows/Win32/Debug/VS2010/Util_LongPollThread.obj
         ../../../Obj/Windows/Win32/Debug/VS2010/Util_SystemGUI.obj
         ../../../Obj/Windows/Win32/Debug/VS2010/Util_SystemInfo.obj
         ../../../Obj/Windows/Win32/Debug/VS2010/Util_Watchdog.obj
         LibOVRKernel.vcxproj -> C:\Oculus\NewOculusDll\LibOVRKernel\Projects\Windows\VS2010\../../../Lib/Windows/Win32/Debug/VS2010/LibOVRKernel.lib
       FinalizeBuildStatus:
         Deleting file "../../../Obj/Windows/Win32/Debug/VS2010/LibOVRKernel.unsuccessfulbuild".
         Touching "../../../Obj/Windows/Win32/Debug/VS2010/LibOVRKernel.lastbuildstate".
     1>Done Building Project "C:\Oculus\NewOculusDll\LibOVRKernel\Projects\Windows\VS2010\LibOVRKernel.vcxproj" (build target(s)).

Build succeeded.

Time Elapsed 00:00:02.69
